<?xml version="1.0" encoding="UTF-8"?>
<testsuite xmlns:xsi="http://www.w3.org/2001/XMLSchema-instance" xsi:noNamespaceSchemaLocation="https://maven.apache.org/surefire/maven-surefire-plugin/xsd/surefire-test-report-3.0.xsd" version="3.0" name="edu.escuelaing.arsw.Test.app.TestingWebApplicationTest" time="0.562" tests="1" errors="0" skipped="0" failures="0">
  <properties>
[...]
</properties>
  <testcase name="shouldReturnDefaultMessage" classname="edu.escuelaing.arsw.Test.app.TestingWebApplicationTest" time="0.031">
    <system-out><![CDATA[2022-07-19 09:17:32.713  INFO 12124 --- [           main] .b.t.c.SpringBootTestContextBootstrapper : Neither @ContextConfiguration nor @ContextHierarchy found for test class [edu.escuelaing.arsw.Test.app.TestingWebApplicationTest], using SpringBootContextLoader
2022-07-19 09:17:32.713  INFO 12124 --- [           main] o.s.t.c.support.AbstractContextLoader    : Could not detect default resource locations for test class [edu.escuelaing.arsw.Test.app.TestingWebApplicationTest]: no resource found for suffixes {-context.xml, Context.groovy}.
2022-07-19 09:17:32.713  INFO 12124 --- [           main] t.c.s.AnnotationConfigContextLoaderUtils : Could not detect default configuration classes for test class [edu.escuelaing.arsw.Test.app.TestingWebApplicationTest]: TestingWebApplicationTest does not declare any static, non-private, non-final, nested classes annotated with @Configuration.
2022-07-19 09:17:32.729  INFO 12124 --- [           main] .b.t.c.SpringBootTestContextBootstrapper : Found @SpringBootConfiguration edu.escuelaing.arsw.Test.app.App for test class edu.escuelaing.arsw.Test.app.TestingWebApplicationTest
2022-07-19 09:17:32.729  INFO 12124 --- [           main] .b.t.c.SpringBootTestContextBootstrapper : Loaded default TestExecutionListener class names from location [META-INF/spring.factories]: [org.springframework.boot.test.mock.mockito.MockitoTestExecutionListener, org.springframework.boot.test.mock.mockito.ResetMocksTestExecutionListener, org.springframework.boot.test.autoconfigure.restdocs.RestDocsTestExecutionListener, org.springframework.boot.test.autoconfigure.web.client.MockRestServiceServerResetTestExecutionListener, org.springframework.boot.test.autoconfigure.web.servlet.MockMvcPrintOnlyOnFailureTestExecutionListener, org.springframework.boot.test.autoconfigure.web.servlet.WebDriverTestExecutionListener, org.springframework.boot.test.autoconfigure.webservices.client.MockWebServiceServerTestExecutionListener, org.springframework.test.context.web.ServletTestExecutionListener, org.springframework.test.context.support.DirtiesContextBeforeModesTestExecutionListener, org.springframework.test.context.event.ApplicationEventsTestExecutionListener, org.springframework.test.context.support.DependencyInjectionTestExecutionListener, org.springframework.test.context.support.DirtiesContextTestExecutionListener, org.springframework.test.context.transaction.TransactionalTestExecutionListener, org.springframework.test.context.jdbc.SqlScriptsTestExecutionListener, org.springframework.test.context.event.EventPublishingTestExecutionListener]
2022-07-19 09:17:32.729  INFO 12124 --- [           main] .b.t.c.SpringBootTestContextBootstrapper : Using TestExecutionListeners: [org.springframework.test.context.web.ServletTestExecutionListener@5896cb9c, org.springframework.test.context.support.DirtiesContextBeforeModesTestExecutionListener@44b9c7c4, org.springframework.test.context.event.ApplicationEventsTestExecutionListener@674184d, org.springframework.boot.test.mock.mockito.MockitoTestExecutionListener@3611153f, org.springframework.boot.test.autoconfigure.SpringBootDependencyInjectionTestExecutionListener@5835e24a, org.springframework.test.context.support.DirtiesContextTestExecutionListener@5238896f, org.springframework.test.context.event.EventPublishingTestExecutionListener@74a85515, org.springframework.boot.test.mock.mockito.ResetMocksTestExecutionListener@4a2e1e52, org.springframework.boot.test.autoconfigure.restdocs.RestDocsTestExecutionListener@3dfe92ef, org.springframework.boot.test.autoconfigure.web.client.MockRestServiceServerResetTestExecutionListener@2b9b17ce, org.springframework.boot.test.autoconfigure.web.servlet.MockMvcPrintOnlyOnFailureTestExecutionListener@1d2def55, org.springframework.boot.test.autoconfigure.web.servlet.WebDriverTestExecutionListener@274bae2c, org.springframework.boot.test.autoconfigure.webservices.client.MockWebServiceServerTestExecutionListener@6eeb29c0]

  .   ____          _            __ _ _
 /\\ / ___'_ __ _ _(_)_ __  __ _ \ \ \ \
( ( )\___ | '_ | '_| | '_ \/ _` | \ \ \ \
 \\/  ___)| |_)| | | | | || (_| |  ) ) ) )
  '  |____| .__|_| |_|_| |_\__, | / / / /
 =========|_|==============|___/=/_/_/_/
 :: Spring Boot ::                (v2.7.1)

2022-07-19 09:17:32.760  INFO 12124 --- [           main] e.e.a.T.app.TestingWebApplicationTest    : Starting TestingWebApplicationTest using Java 11.0.13 on Sistemas17 with PID 12124 (started by juan.mejia-z in C:\Users\juan.mejia-z\Downloads\UltmaClase\SpringTest)
2022-07-19 09:17:32.760  INFO 12124 --- [           main] e.e.a.T.app.TestingWebApplicationTest    : No active profile set, falling back to 1 default profile: "default"
2022-07-19 09:17:33.229  INFO 12124 --- [           main] o.s.b.t.m.w.SpringBootMockServletContext : Initializing Spring TestDispatcherServlet ''
2022-07-19 09:17:33.229  INFO 12124 --- [           main] o.s.t.web.servlet.TestDispatcherServlet  : Initializing Servlet ''
2022-07-19 09:17:33.229  INFO 12124 --- [           main] o.s.t.web.servlet.TestDispatcherServlet  : Completed initialization in 0 ms
2022-07-19 09:17:33.229  INFO 12124 --- [           main] e.e.a.T.app.TestingWebApplicationTest    : Started TestingWebApplicationTest in 0.5 seconds (JVM running for 5.077)

MockHttpServletRequest:
      HTTP Method = GET
      Request URI = /
       Parameters = {}
          Headers = []
             Body = null
    Session Attrs = {}

Handler:
             Type = edu.escuelaing.arsw.Test.app.HomeController
           Method = edu.escuelaing.arsw.Test.app.HomeController#greeting()

Async:
    Async started = false
     Async result = null

Resolved Exception:
             Type = null

ModelAndView:
        View name = null
             View = null
            Model = null

FlashMap:
       Attributes = null

MockHttpServletResponse:
           Status = 200
    Error message = null
          Headers = [Content-Type:"text/plain;charset=UTF-8", Content-Length:"12"]
     Content type = text/plain;charset=UTF-8
             Body = Hello, World
    Forwarded URL = null
   Redirected URL = null
          Cookies = []
]]></system-out>
  </testcase>
</testsuite>